<?xml version="1.0" encoding="UTF-8"?>
<!-- Generated by org.testng.reporters.JUnitReportReporter -->
<testsuite skipped="0" hostname="ROCK-PC" name="com.aptus.website.WebsiteAutomation.TC_AddNewEmployee_004" tests="1" failures="0" timestamp="27 Apr 2020 12:10:32 GMT" time="1.705" errors="0">
  <testcase name="TC_CurrentProjectBlank_004" time="1.705" classname="com.aptus.website.WebsiteAutomation.TC_AddNewEmployee_004"/>
</testsuite> <!-- com.aptus.website.WebsiteAutomation.TC_AddNewEmployee_004 -->
