<?xml version="1.0" encoding="UTF-8"?>
<!-- Generated by org.testng.reporters.JUnitReportReporter -->
<testsuite skipped="0" hostname="ROCK-PC" name="com.aptus.website.WebsiteAutomation.TC_AddTenEmployeesDeleted_001" tests="1" failures="0" timestamp="27 Apr 2020 12:10:32 GMT" time="39.119" errors="0">
  <testcase name="AddTenEmployee" time="39.119" classname="com.aptus.website.WebsiteAutomation.TC_AddTenEmployeesDeleted_001"/>
</testsuite> <!-- com.aptus.website.WebsiteAutomation.TC_AddTenEmployeesDeleted_001 -->
