<?xml version="1.0" encoding="UTF-8"?>
<!-- Generated by org.testng.reporters.JUnitReportReporter -->
<testsuite skipped="0" hostname="ROCK-PC" name="com.aptus.website.WebsiteAutomation.TC_AddNewEmployee_003" tests="1" failures="0" timestamp="27 Apr 2020 12:10:32 GMT" time="2.033" errors="0">
  <testcase name="TC_JobTitleBlank_003" time="2.033" classname="com.aptus.website.WebsiteAutomation.TC_AddNewEmployee_003"/>
</testsuite> <!-- com.aptus.website.WebsiteAutomation.TC_AddNewEmployee_003 -->
