<?xml version="1.0" encoding="UTF-8"?>
<!-- Generated by org.testng.reporters.JUnitReportReporter -->
<testsuite skipped="0" hostname="ROCK-PC" name="com.aptus.website.WebsiteAutomation.test" tests="1" failures="0" timestamp="23 Apr 2020 07:53:11 GMT" time="0.012" errors="0">
  <testcase name="testProperty" time="0.012" classname="com.aptus.website.WebsiteAutomation.test"/>
</testsuite> <!-- com.aptus.website.WebsiteAutomation.test -->
